<?xml version="1.0" encoding="UTF-8"?>
<testsuite xmlns:xsi="http://www.w3.org/2001/XMLSchema-instance" xsi:noNamespaceSchemaLocation="https://maven.apache.org/surefire/maven-surefire-plugin/xsd/surefire-test-report.xsd" name="Esercizio_4_Test.MathUtilsTest" time="0.001" tests="1" errors="0" skipped="0" failures="0">
  <properties>
    <property name="java.specification.version" value="17"/>
    <property name="sun.cpu.isalist" value="amd64"/>
    <property name="sun.jnu.encoding" value="Cp1252"/>
    <property name="java.class.path" value="C:\Users\andre\eclipse-workspace\eserciziTest\target\test-classes;C:\Users\andre\eclipse-workspace\eserciziTest\target\classes;C:\Users\andre\.m2\repository\org\junit\jupiter\junit-jupiter-engine\5.10.2\junit-jupiter-engine-5.10.2.jar;C:\Users\andre\.m2\repository\org\junit\platform\junit-platform-engine\1.10.2\junit-platform-engine-1.10.2.jar;C:\Users\andre\.m2\repository\org\opentest4j\opentest4j\1.3.0\opentest4j-1.3.0.jar;C:\Users\andre\.m2\repository\org\junit\platform\junit-platform-commons\1.10.2\junit-platform-commons-1.10.2.jar;C:\Users\andre\.m2\repository\org\junit\jupiter\junit-jupiter-api\5.10.2\junit-jupiter-api-5.10.2.jar;C:\Users\andre\.m2\repository\org\apiguardian\apiguardian-api\1.1.2\apiguardian-api-1.1.2.jar;C:\Users\andre\.m2\repository\org\junit\platform\junit-platform-suite-engine\1.10.2\junit-platform-suite-engine-1.10.2.jar;C:\Users\andre\.m2\repository\org\junit\platform\junit-platform-suite-api\1.10.2\junit-platform-suite-api-1.10.2.jar;C:\Users\andre\.m2\repository\org\junit\platform\junit-platform-suite-commons\1.10.2\junit-platform-suite-commons-1.10.2.jar;C:\Users\andre\.m2\repository\org\junit\platform\junit-platform-launcher\1.10.2\junit-platform-launcher-1.10.2.jar;C:\Users\andre\.m2\repository\org\mockito\mockito-core\5.12.0\mockito-core-5.12.0.jar;C:\Users\andre\.m2\repository\net\bytebuddy\byte-buddy\1.14.15\byte-buddy-1.14.15.jar;C:\Users\andre\.m2\repository\net\bytebuddy\byte-buddy-agent\1.14.15\byte-buddy-agent-1.14.15.jar;C:\Users\andre\.m2\repository\org\objenesis\objenesis\3.3\objenesis-3.3.jar;C:\Users\andre\.m2\repository\com\example\testmaven\0.0.1-SNAPSHOT\testmaven-0.0.1-SNAPSHOT.jar;C:\Users\andre\.m2\repository\junit\junit\3.8.1\junit-3.8.1.jar;C:\Users\andre\.m2\repository\org\apache\commons\commons-lang3\3.14.0\commons-lang3-3.14.0.jar;"/>
    <property name="java.vm.vendor" value="Eclipse Adoptium"/>
    <property name="sun.arch.data.model" value="64"/>
    <property name="user.variant" value=""/>
    <property name="java.vendor.url" value="https://adoptium.net/"/>
    <property name="user.timezone" value="Europe/Rome"/>
    <property name="os.name" value="Windows 11"/>
    <property name="java.vm.specification.version" value="17"/>
    <property name="sun.java.launcher" value="SUN_STANDARD"/>
    <property name="user.country" value="IT"/>
    <property name="sun.boot.library.path" value="C:\Users\andre\.p2\pool\plugins\org.eclipse.justj.openjdk.hotspot.jre.full.win32.x86_64_17.0.11.v20240426-1830\jre\bin"/>
    <property name="sun.java.command" value="C:\Users\andre\AppData\Local\Temp\surefire16435290613417268003\surefirebooter10933716838041466125.jar C:\Users\andre\AppData\Local\Temp\surefire16435290613417268003 2024-06-10T16-28-35_735-jvmRun1 surefire1345548623789381185tmp surefire_02169119083036840519tmp"/>
    <property name="jdk.debug" value="release"/>
    <property name="surefire.test.class.path" value="C:\Users\andre\eclipse-workspace\eserciziTest\target\test-classes;C:\Users\andre\eclipse-workspace\eserciziTest\target\classes;C:\Users\andre\.m2\repository\org\junit\jupiter\junit-jupiter-engine\5.10.2\junit-jupiter-engine-5.10.2.jar;C:\Users\andre\.m2\repository\org\junit\platform\junit-platform-engine\1.10.2\junit-platform-engine-1.10.2.jar;C:\Users\andre\.m2\repository\org\opentest4j\opentest4j\1.3.0\opentest4j-1.3.0.jar;C:\Users\andre\.m2\repository\org\junit\platform\junit-platform-commons\1.10.2\junit-platform-commons-1.10.2.jar;C:\Users\andre\.m2\repository\org\junit\jupiter\junit-jupiter-api\5.10.2\junit-jupiter-api-5.10.2.jar;C:\Users\andre\.m2\repository\org\apiguardian\apiguardian-api\1.1.2\apiguardian-api-1.1.2.jar;C:\Users\andre\.m2\repository\org\junit\platform\junit-platform-suite-engine\1.10.2\junit-platform-suite-engine-1.10.2.jar;C:\Users\andre\.m2\repository\org\junit\platform\junit-platform-suite-api\1.10.2\junit-platform-suite-api-1.10.2.jar;C:\Users\andre\.m2\repository\org\junit\platform\junit-platform-suite-commons\1.10.2\junit-platform-suite-commons-1.10.2.jar;C:\Users\andre\.m2\repository\org\junit\platform\junit-platform-launcher\1.10.2\junit-platform-launcher-1.10.2.jar;C:\Users\andre\.m2\repository\org\mockito\mockito-core\5.12.0\mockito-core-5.12.0.jar;C:\Users\andre\.m2\repository\net\bytebuddy\byte-buddy\1.14.15\byte-buddy-1.14.15.jar;C:\Users\andre\.m2\repository\net\bytebuddy\byte-buddy-agent\1.14.15\byte-buddy-agent-1.14.15.jar;C:\Users\andre\.m2\repository\org\objenesis\objenesis\3.3\objenesis-3.3.jar;C:\Users\andre\.m2\repository\com\example\testmaven\0.0.1-SNAPSHOT\testmaven-0.0.1-SNAPSHOT.jar;C:\Users\andre\.m2\repository\junit\junit\3.8.1\junit-3.8.1.jar;C:\Users\andre\.m2\repository\org\apache\commons\commons-lang3\3.14.0\commons-lang3-3.14.0.jar;"/>
    <property name="sun.cpu.endian" value="little"/>
    <property name="user.home" value="C:\Users\andre"/>
    <property name="user.language" value="it"/>
    <property name="java.specification.vendor" value="Oracle Corporation"/>
    <property name="java.version.date" value="2024-04-16"/>
    <property name="java.home" value="C:\Users\andre\.p2\pool\plugins\org.eclipse.justj.openjdk.hotspot.jre.full.win32.x86_64_17.0.11.v20240426-1830\jre"/>
    <property name="file.separator" value="\"/>
    <property name="style.color" value="always"/>
    <property name="basedir" value="C:\Users\andre\eclipse-workspace\eserciziTest"/>
    <property name="java.vm.compressedOopsMode" value="32-bit"/>
    <property name="line.separator" value="&#10;"/>
    <property name="java.vm.specification.vendor" value="Oracle Corporation"/>
    <property name="java.specification.name" value="Java Platform API Specification"/>
    <property name="surefire.real.class.path" value="C:\Users\andre\AppData\Local\Temp\surefire16435290613417268003\surefirebooter10933716838041466125.jar"/>
    <property name="user.script" value=""/>
    <property name="sun.management.compiler" value="HotSpot 64-Bit Tiered Compilers"/>
    <property name="java.runtime.version" value="17.0.11+9"/>
    <property name="user.name" value="andre"/>
    <property name="path.separator" value=";"/>
    <property name="os.version" value="10.0"/>
    <property name="java.runtime.name" value="OpenJDK Runtime Environment"/>
    <property name="file.encoding" value="Cp1252"/>
    <property name="java.vm.name" value="OpenJDK 64-Bit Server VM"/>
    <property name="java.vendor.version" value="Temurin-17.0.11+9"/>
    <property name="localRepository" value="C:\Users\andre\.m2\repository"/>
    <property name="java.vendor.url.bug" value="https://github.com/adoptium/adoptium-support/issues"/>
    <property name="java.io.tmpdir" value="C:\Users\andre\AppData\Local\Temp\"/>
    <property name="java.version" value="17.0.11"/>
    <property name="user.dir" value="C:\Users\andre\eclipse-workspace\eserciziTest"/>
    <property name="os.arch" value="amd64"/>
    <property name="java.vm.specification.name" value="Java Virtual Machine Specification"/>
    <property name="sun.os.patch.level" value=""/>
    <property name="native.encoding" value="Cp1252"/>
    <property name="java.library.path" value="C:\Users\andre\.p2\pool\plugins\org.eclipse.justj.openjdk.hotspot.jre.full.win32.x86_64_17.0.11.v20240426-1830\jre\bin;C:\Windows\Sun\Java\bin;C:\Windows\system32;C:\Windows;C:/Users/andre/.p2/pool/plugins/org.eclipse.justj.openjdk.hotspot.jre.full.win32.x86_64_21.0.3.v20240426-1530/jre/bin/server;C:/Users/andre/.p2/pool/plugins/org.eclipse.justj.openjdk.hotspot.jre.full.win32.x86_64_21.0.3.v20240426-1530/jre/bin;C:\Program Files (x86)\Common Files\Intel\Shared Libraries\redist\intel64_win\compiler;C:\Windows\system32;C:\Windows;C:\Windows\System32\Wbem;C:\Windows\System32\WindowsPowerShell\v1.0\;C:\Windows\System32\OpenSSH\;C:\Users\andre\AppData\Local\Microsoft\WindowsApps;C:\Users\andre\AppData\Local\Programs\Microsoft VS Code\bin;C:\Users\andre\AppData\Local\GitHubDesktop\bin;C:\Users\andre\OneDrive\Desktop\log\app;;."/>
    <property name="java.vm.info" value="mixed mode"/>
    <property name="java.vendor" value="Eclipse Adoptium"/>
    <property name="java.vm.version" value="17.0.11+9"/>
    <property name="sun.io.unicode.encoding" value="UnicodeLittle"/>
    <property name="java.class.version" value="61.0"/>
  </properties>
  <testcase name="isPrimeTest" classname="Esercizio_4_Test.MathUtilsTest" time="0.001"/>
</testsuite>